2025-12-25T15:03:18.870Z	Initializing build environment...
2025-12-25T15:03:18.870Z	Initializing build environment...
2025-12-25T15:03:20.843Z	Success: Finished initializing build environment
2025-12-25T15:03:21.207Z	Cloning repository...
2025-12-25T15:03:24.621Z	Restoring from dependencies cache
2025-12-25T15:03:24.622Z	Restoring from build output cache
2025-12-25T15:03:24.625Z	Detected the following tools from environment: npm@10.9.2, nodejs@22.16.0
2025-12-25T15:03:24.944Z	Installing project dependencies: npm clean-install --progress=false
2025-12-25T15:03:28.328Z	npm warn deprecated @esbuild-kit/esm-loader@2.6.5: Merged into tsx: https://tsx.is
2025-12-25T15:03:29.216Z	npm warn deprecated @esbuild-kit/core-utils@3.3.2: Merged into tsx: https://tsx.is
2025-12-25T15:03:33.130Z	
2025-12-25T15:03:33.130Z	added 442 packages, and audited 443 packages in 8s
2025-12-25T15:03:33.131Z	
2025-12-25T15:03:33.131Z	42 packages are looking for funding
2025-12-25T15:03:33.131Z	  run `npm fund` for details
2025-12-25T15:03:33.148Z	
2025-12-25T15:03:33.148Z	6 vulnerabilities (2 low, 4 moderate)
2025-12-25T15:03:33.148Z	
2025-12-25T15:03:33.148Z	To address issues that do not require attention, run:
2025-12-25T15:03:33.148Z	  npm audit fix
2025-12-25T15:03:33.149Z	
2025-12-25T15:03:33.149Z	To address all issues (including breaking changes), run:
2025-12-25T15:03:33.149Z	  npm audit fix --force
2025-12-25T15:03:33.149Z	
2025-12-25T15:03:33.149Z	Run `npm audit` for details.
2025-12-25T15:03:33.393Z	Executing user build command: npm run build
2025-12-25T15:03:33.623Z	
2025-12-25T15:03:33.623Z	> rest-express@1.0.0 build
2025-12-25T15:03:33.623Z	> tsx script/build.ts
2025-12-25T15:03:33.624Z	
2025-12-25T15:03:34.354Z	building client...
2025-12-25T15:03:34.510Z	vite v7.1.12 building for production...
2025-12-25T15:03:34.804Z	transforming...
2025-12-25T15:03:38.158Z	âœ“ 2176 modules transformed.
2025-12-25T15:03:38.584Z	rendering chunks...
2025-12-25T15:03:38.589Z	[meta-images] no Replit deployment domain found, skipping meta tag updates
2025-12-25T15:03:38.596Z	computing gzip size...
2025-12-25T15:03:40.027Z	../dist/public/index.html                                                                                          1.53 kB â”‚ gzip:   0.64 kB
2025-12-25T15:03:40.028Z	../dist/public/assets/1_HPC_38in_X_34in_One_way_Vision-removebg-preview-fotor-20250_1766664609446-C9sEb659.webp   36.27 kB
2025-12-25T15:03:40.028Z	../dist/public/assets/1_HPC_38in_X_34in_One_way_Vision-removebg-preview_1766664609445-BAvKj9xu.webp               47.08 kB
2025-12-25T15:03:40.028Z	../dist/public/assets/professional_mechani_cb08bc99-b-gos4Vk.jpg                                                 205.13 kB
2025-12-25T15:03:40.028Z	../dist/public/assets/car_tyre_close_up_tr_febb9c67-Cwx5Z0iY.jpg                                                 399.98 kB
2025-12-25T15:03:40.028Z	../dist/public/assets/mechanic_servicing_m_2b00c474-OPYoWeps.jpg                                                 442.81 kB
2025-12-25T15:03:40.028Z	../dist/public/assets/index-25sc7Xmh.css                                                                         112.99 kB â”‚ gzip:  17.87 kB
2025-12-25T15:03:40.028Z	../dist/public/assets/index-DC1NJku-.js                                                                          491.67 kB â”‚ gzip: 153.20 kB
2025-12-25T15:03:40.029Z	âœ“ built in 5.26s
2025-12-25T15:03:40.029Z	building server...
2025-12-25T15:03:40.114Z	
2025-12-25T15:03:40.114Z	  dist/index.cjs  827.0kb
2025-12-25T15:03:40.114Z	
2025-12-25T15:03:40.115Z	âš¡ Done in 81ms
2025-12-25T15:03:40.235Z	Success: Build command completed
2025-12-25T15:03:40.405Z	Executing user deploy command: npx wrangler deploy
2025-12-25T15:03:52.739Z	npm warn exec The following package was not found and will be installed: wrangler@4.54.0
2025-12-25T15:04:05.082Z	
2025-12-25T15:04:05.083Z	 â›…ï¸ wrangler 4.54.0
2025-12-25T15:04:05.083Z	â”€â”€â”€â”€â”€â”€â”€â”€â”€â”€â”€â”€â”€â”€â”€â”€â”€â”€â”€
2025-12-25T15:04:05.097Z	
2025-12-25T15:04:05.161Z	âœ˜ [ERROR] It looks like you've run a Workers-specific command in a Pages project.
2025-12-25T15:04:05.162Z	
2025-12-25T15:04:05.162Z	  For Pages, please run `wrangler pages deploy` instead.
2025-12-25T15:04:05.162Z	
2025-12-25T15:04:05.162Z	
2025-12-25T15:04:05.182Z	
2025-12-25T15:04:05.183Z	Cloudflare collects anonymous telemetry about your usage of Wrangler. Learn more at https://github.com/cloudflare/workers-sdk/tree/main/packages/wrangler/telemetry.md
2025-12-25T15:04:05.196Z	ğŸªµ  Logs were written to "/opt/buildhome/.config/.wrangler/logs/wrangler-2025-12-25_15-04-04_499.log"
2025-12-25T15:04:05.322Z	Failed: error occurred while running deploy command