2025-12-25T14:56:30.995Z	Initializing build environment...
2025-12-25T14:56:30.995Z	Initializing build environment...
2025-12-25T14:56:59.882Z	Success: Finished initializing build environment
2025-12-25T14:57:00.309Z	Cloning repository...
2025-12-25T14:57:01.293Z	Detected the following tools from environment: npm@10.9.2, nodejs@22.16.0
2025-12-25T14:57:01.294Z	Restoring from dependencies cache
2025-12-25T14:57:01.296Z	Restoring from build output cache
2025-12-25T14:57:01.618Z	Installing project dependencies: npm clean-install --progress=false
2025-12-25T14:57:05.028Z	npm warn deprecated @esbuild-kit/esm-loader@2.6.5: Merged into tsx: https://tsx.is
2025-12-25T14:57:05.086Z	npm warn deprecated @esbuild-kit/core-utils@3.3.2: Merged into tsx: https://tsx.is
2025-12-25T14:57:09.441Z	
2025-12-25T14:57:09.441Z	added 442 packages, and audited 443 packages in 7s
2025-12-25T14:57:09.442Z	
2025-12-25T14:57:09.442Z	42 packages are looking for funding
2025-12-25T14:57:09.442Z	  run `npm fund` for details
2025-12-25T14:57:09.458Z	
2025-12-25T14:57:09.458Z	6 vulnerabilities (2 low, 4 moderate)
2025-12-25T14:57:09.458Z	
2025-12-25T14:57:09.458Z	To address issues that do not require attention, run:
2025-12-25T14:57:09.458Z	  npm audit fix
2025-12-25T14:57:09.458Z	
2025-12-25T14:57:09.458Z	To address all issues (including breaking changes), run:
2025-12-25T14:57:09.458Z	  npm audit fix --force
2025-12-25T14:57:09.459Z	
2025-12-25T14:57:09.459Z	Run `npm audit` for details.
2025-12-25T14:57:09.728Z	Executing user build command: npm run build
2025-12-25T14:57:09.962Z	
2025-12-25T14:57:09.963Z	> rest-express@1.0.0 build
2025-12-25T14:57:09.963Z	> tsx script/build.ts
2025-12-25T14:57:09.963Z	
2025-12-25T14:57:10.717Z	building client...
2025-12-25T14:57:10.885Z	vite v7.1.12 building for production...
2025-12-25T14:57:11.247Z	transforming...
2025-12-25T14:57:14.691Z	âœ“ 2176 modules transformed.
2025-12-25T14:57:15.927Z	rendering chunks...
2025-12-25T14:57:15.937Z	[meta-images] no Replit deployment domain found, skipping meta tag updates
2025-12-25T14:57:15.945Z	computing gzip size...
2025-12-25T14:57:15.970Z	../dist/public/index.html                                                                                          1.53 kB â”‚ gzip:   0.64 kB
2025-12-25T14:57:15.970Z	../dist/public/assets/1_HPC_38in_X_34in_One_way_Vision-removebg-preview-fotor-20250_1766664609446-C9sEb659.webp   36.27 kB
2025-12-25T14:57:15.971Z	../dist/public/assets/1_HPC_38in_X_34in_One_way_Vision-removebg-preview_1766664609445-BAvKj9xu.webp               47.08 kB
2025-12-25T14:57:15.971Z	../dist/public/assets/professional_mechani_cb08bc99-b-gos4Vk.jpg                                                 205.13 kB
2025-12-25T14:57:15.971Z	../dist/public/assets/car_tyre_close_up_tr_febb9c67-Cwx5Z0iY.jpg                                                 399.98 kB
2025-12-25T14:57:15.971Z	../dist/public/assets/mechanic_servicing_m_2b00c474-OPYoWeps.jpg                                                 442.81 kB
2025-12-25T14:57:15.971Z	../dist/public/assets/index-25sc7Xmh.css                                                                         112.99 kB â”‚ gzip:  17.87 kB
2025-12-25T14:57:15.971Z	../dist/public/assets/index-DC1NJku-.js                                                                          491.67 kB â”‚ gzip: 153.20 kB
2025-12-25T14:57:15.971Z	âœ“ built in 4.77s
2025-12-25T14:57:15.971Z	building server...
2025-12-25T14:57:16.084Z	
2025-12-25T14:57:16.091Z	  dist/index.cjs  827.0kb
2025-12-25T14:57:16.091Z	
2025-12-25T14:57:16.092Z	âš¡ Done in 110ms
2025-12-25T14:57:16.195Z	Success: Build command completed
2025-12-25T14:57:16.400Z	Executing user deploy command: npx wrangler deploy
2025-12-25T14:57:18.359Z	npm warn exec The following package was not found and will be installed: wrangler@4.54.0
2025-12-25T14:57:26.614Z	
2025-12-25T14:57:26.614Z	 â›…ï¸ wrangler 4.54.0
2025-12-25T14:57:26.615Z	â”€â”€â”€â”€â”€â”€â”€â”€â”€â”€â”€â”€â”€â”€â”€â”€â”€â”€â”€
2025-12-25T14:57:26.634Z	
2025-12-25T14:57:26.705Z	âœ˜ [ERROR] It looks like you've run a Workers-specific command in a Pages project.
2025-12-25T14:57:26.705Z	
2025-12-25T14:57:26.705Z	  For Pages, please run `wrangler pages deploy` instead.
2025-12-25T14:57:26.705Z	
2025-12-25T14:57:26.705Z	
2025-12-25T14:57:26.725Z	
2025-12-25T14:57:26.725Z	Cloudflare collects anonymous telemetry about your usage of Wrangler. Learn more at https://github.com/cloudflare/workers-sdk/tree/main/packages/wrangler/telemetry.md
2025-12-25T14:57:26.740Z	ğŸªµ  Logs were written to "/opt/buildhome/.config/.wrangler/logs/wrangler-2025-12-25_14-57-25_976.log"
2025-12-25T14:57:26.873Z	Failed: error occurred while running deploy command