2025-12-25T14:55:07.902Z	Initializing build environment...
2025-12-25T14:55:07.902Z	Initializing build environment...
2025-12-25T14:55:09.679Z	Success: Finished initializing build environment
2025-12-25T14:55:10.303Z	Cloning repository...
2025-12-25T14:55:12.298Z	Restoring from dependencies cache
2025-12-25T14:55:12.300Z	Restoring from build output cache
2025-12-25T14:55:12.303Z	Detected the following tools from environment: npm@10.9.2, nodejs@22.16.0
2025-12-25T14:55:12.659Z	Installing project dependencies: npm clean-install --progress=false
2025-12-25T14:55:17.405Z	npm warn deprecated @esbuild-kit/esm-loader@2.6.5: Merged into tsx: https://tsx.is
2025-12-25T14:55:17.538Z	npm warn deprecated @esbuild-kit/core-utils@3.3.2: Merged into tsx: https://tsx.is
2025-12-25T14:55:22.267Z	
2025-12-25T14:55:22.267Z	added 442 packages, and audited 443 packages in 9s
2025-12-25T14:55:22.267Z	
2025-12-25T14:55:22.267Z	42 packages are looking for funding
2025-12-25T14:55:22.267Z	  run `npm fund` for details
2025-12-25T14:55:22.281Z	
2025-12-25T14:55:22.281Z	6 vulnerabilities (2 low, 4 moderate)
2025-12-25T14:55:22.281Z	
2025-12-25T14:55:22.281Z	To address issues that do not require attention, run:
2025-12-25T14:55:22.281Z	  npm audit fix
2025-12-25T14:55:22.281Z	
2025-12-25T14:55:22.281Z	To address all issues (including breaking changes), run:
2025-12-25T14:55:22.281Z	  npm audit fix --force
2025-12-25T14:55:22.281Z	
2025-12-25T14:55:22.282Z	Run `npm audit` for details.
2025-12-25T14:55:22.559Z	Executing user build command: npm run build
2025-12-25T14:55:22.765Z	
2025-12-25T14:55:22.765Z	> rest-express@1.0.0 build
2025-12-25T14:55:22.765Z	> tsx script/build.ts
2025-12-25T14:55:22.765Z	
2025-12-25T14:55:23.559Z	building client...
2025-12-25T14:55:23.748Z	vite v7.1.12 building for production...
2025-12-25T14:55:24.010Z	transforming...
2025-12-25T14:55:27.121Z	âœ“ 2176 modules transformed.
2025-12-25T14:55:27.513Z	rendering chunks...
2025-12-25T14:55:27.518Z	[meta-images] no Replit deployment domain found, skipping meta tag updates
2025-12-25T14:55:27.524Z	computing gzip size...
2025-12-25T14:55:27.545Z	../dist/public/index.html                                                                                          1.53 kB â”‚ gzip:   0.64 kB
2025-12-25T14:55:27.545Z	../dist/public/assets/1_HPC_38in_X_34in_One_way_Vision-removebg-preview-fotor-20250_1766664609446-C9sEb659.webp   36.27 kB
2025-12-25T14:55:27.546Z	../dist/public/assets/1_HPC_38in_X_34in_One_way_Vision-removebg-preview_1766664609445-BAvKj9xu.webp               47.08 kB
2025-12-25T14:55:27.546Z	../dist/public/assets/professional_mechani_cb08bc99-b-gos4Vk.jpg                                                 205.13 kB
2025-12-25T14:55:27.546Z	../dist/public/assets/car_tyre_close_up_tr_febb9c67-Cwx5Z0iY.jpg                                                 399.98 kB
2025-12-25T14:55:27.546Z	../dist/public/assets/mechanic_servicing_m_2b00c474-OPYoWeps.jpg                                                 442.81 kB
2025-12-25T14:55:27.546Z	../dist/public/assets/index-25sc7Xmh.css                                                                         112.99 kB â”‚ gzip:  17.87 kB
2025-12-25T14:55:27.546Z	../dist/public/assets/index-DC1NJku-.js                                                                          491.67 kB â”‚ gzip: 153.20 kB
2025-12-25T14:55:27.546Z	âœ“ built in 3.57s
2025-12-25T14:55:27.547Z	building server...
2025-12-25T14:55:27.618Z	
2025-12-25T14:55:27.619Z	  dist/index.cjs  827.0kb
2025-12-25T14:55:27.619Z	
2025-12-25T14:55:27.619Z	âš¡ Done in 69ms
2025-12-25T14:55:27.725Z	Success: Build command completed
2025-12-25T14:55:27.915Z	Executing user deploy command: npx wrangler deploy
2025-12-25T14:55:29.012Z	npm warn exec The following package was not found and will be installed: wrangler@4.54.0
2025-12-25T14:55:37.757Z	
2025-12-25T14:55:37.757Z	 â›…ï¸ wrangler 4.54.0
2025-12-25T14:55:37.757Z	â”€â”€â”€â”€â”€â”€â”€â”€â”€â”€â”€â”€â”€â”€â”€â”€â”€â”€â”€
2025-12-25T14:55:37.776Z	
2025-12-25T14:55:37.845Z	âœ˜ [ERROR] It looks like you've run a Workers-specific command in a Pages project.
2025-12-25T14:55:37.846Z	
2025-12-25T14:55:37.846Z	  For Pages, please run `wrangler pages deploy` instead.
2025-12-25T14:55:37.846Z	
2025-12-25T14:55:37.846Z	
2025-12-25T14:55:37.866Z	
2025-12-25T14:55:37.866Z	Cloudflare collects anonymous telemetry about your usage of Wrangler. Learn more at https://github.com/cloudflare/workers-sdk/tree/main/packages/wrangler/telemetry.md
2025-12-25T14:55:37.881Z	ğŸªµ  Logs were written to "/opt/buildhome/.config/.wrangler/logs/wrangler-2025-12-25_14-55-37_147.log"
2025-12-25T14:55:38.005Z	Failed: error occurred while running deploy command